project/car_labeler/app/build/outputs/mapping/release/seeds.txt
com.google.mlkit.vision.demo.EntryChoiceActivity
com.google.mlkit.vision.demo.CameraSourcePreview
com.google.mlkit.vision.demo.java.CameraXLivePreviewActivity
com.google.mlkit.vision.demo.java.ChooserActivity
com.google.mlkit.vision.demo.preference.SettingsActivity
com.google.mlkit.vision.demo.GraphicOverlay
com.google.mlkit.vision.demo.GraphicOverlay: int getImageHeight()
com.google.mlkit.vision.demo.preference.SettingsActivity$LaunchSource: com.google.mlkit.vision.demo.preference.SettingsActivity$LaunchSource[] values()
com.google.mlkit.vision.demo.preference.SettingsActivity$LaunchSource: com.google.mlkit.vision.demo.preference.SettingsActivity$LaunchSource valueOf(java.lang.String)
com.google.mlkit.vision.demo.EntryChoiceActivity: EntryChoiceActivity()
com.google.mlkit.vision.demo.CameraXViewModel: CameraXViewModel(android.app.Application)
com.google.mlkit.vision.demo.CameraSourcePreview: CameraSourcePreview(android.content.Context,android.util.AttributeSet)
com.google.mlkit.vision.demo.GraphicOverlay: int getImageWidth()
com.google.mlkit.vision.demo.GraphicOverlay: GraphicOverlay(android.content.Context,android.util.AttributeSet)
com.google.mlkit.vision.demo.java.CameraXLivePreviewActivity: CameraXLivePreviewActivity()
com.google.mlkit.vision.demo.java.ChooserActivity: ChooserActivity()
com.google.mlkit.vision.demo.preference.SettingsActivity: SettingsActivity()
...
com.google.android.libraries.vision.visionkit.pipeline.zzx: int zzh
com.google.android.gms.internal.mlkit_vision_internal_vkp.zzayk: com.google.android.gms.internal.mlkit_vision_internal_vkp.zzayc zzg
com.google.android.gms.internal.mlkit_vision_label_custom.zzir: com.google.android.gms.internal.mlkit_vision_label_custom.zzwt zzi
com.google.android.gms.internal.mlkit_vision_text_bundled_common.zbug: boolean zbi
com.google.photos.vision.barhopper.zzc: com.google.android.gms.internal.mlkit_vision_barcode_bundled.zzem zzw
com.google.android.gms.internal.mlkit_vision_text_bundled_common.zbew: com.google.android.gms.internal.mlkit_vision_text_bundled_common.zbew zbb
com.google.android.gms.internal.mlkit_vision_internal_vkp.zzpk: int zze
com.google.android.gms.internal.mlkit_vision_internal_vkp.zzajj: com.google.android.gms.internal.mlkit_vision_internal_vkp.zzaix zzj
com.google.barhopper.deeplearning.zzc: com.google.android.gms.internal.mlkit_vision_barcode_bundled.zzej zzg
com.google.android.gms.internal.mlkit_vision_label_custom.zzabe: com.google.android.gms.internal.mlkit_vision_label_custom.zzabe zzh
com.google.android.gms.internal.mlkit_vision_label_custom.zzgq: com.google.android.gms.internal.mlkit_vision_label_custom.zzdu zzY
com.google.android.libraries.vision.visionkit.pipeline.zzd: byte zzf
com.google.android.gms.internal.mlkit_vision_internal_vkp.zztk: com.google.android.gms.internal.mlkit_vision_internal_vkp.zzaob zzi
com.google.android.gms.internal.mlkit_vision_internal_vkp.zzajr: com.google.android.gms.internal.mlkit_vision_internal_vkp.zzaix zzj
com.google.android.gms.internal.mlkit_vision_text_bundled_common.zbaey: int zbj
com.google.android.gms.common.internal.TelemetryData: android.os.Parcelable$Creator CREATOR
com.google.android.libraries.vision.visionkit.pipeline.zzap: int zzq
com.google.android.libraries.vision.visionkit.pipeline.zzdt: int zzn
com.google.android.gms.internal.mlkit_vision_internal_vkp.zzajr: java.lang.String zzk
com.google.android.gms.internal.mlkit_vision_text_bundled_common.zbuu: byte zbh
com.google.android.gms.internal.mlkit_vision_text_bundled_common.zbfx: com.google.android.gms.internal.mlkit_vision_text_bundled_common.zbfx zbb
com.google.android.gms.internal.mlkit_vision_text_bundled_common.zbac: double zbf
com.google.android.gms.internal.mlkit_vision_text_bundled_common.zbady: int zbl
com.google.android.gms.internal.mlkit_vision_text_bundled_common.zbahn: com.google.android.gms.internal.mlkit_vision_text_bundled_common.zbxx zbf
com.google.android.gms.internal.mlkit_vision_text_bundled_common.zbvr: com.google.android.gms.internal.mlkit_vision_text_bundled_common.zbvr zbb
com.google.android.gms.internal.mlkit_vision_internal_vkp.zzavj: byte zzi
com.google.android.gms.internal.mlkit_vision_barcode_bundled.zzjl: com.google.android.gms.internal.mlkit_vision_barcode_bundled.zzjh zzg
com.google.android.gms.internal.mlkit_vision_text_bundled_common.zblq: int zbe
com.google.android.gms.internal.mlkit_vision_internal_vkp.zzajy: boolean zzg
com.google.android.gms.internal.mlkit_vision_label_custom.zzhq: long zzj
com.google.android.gms.internal.mlkit_vision_internal_vkp.zzbcb: int zzg
com.google.android.libraries.barhopper.OnedRecognitionOptions: int code39MinConsistentLines
com.google.android.gms.internal.mlkit_vision_label_custom.zzdt: int zzb
com.google.android.gms.internal.mlkit_vision_text_bundled_common.zbtx: float zbm
com.google.android.gms.internal.mlkit_vision_internal_vkp.zzatw: java.lang.String zzl
com.google.android.gms.internal.mlkit_vision_text_bundled_common.zbbi: com.google.android.gms.internal.mlkit_vision_text_bundled_common.zbbi zbb
com.google.android.gms.internal.mlkit_vision_internal_vkp.zzbeb: com.google.android.gms.internal.mlkit_vision_internal_vkp.zzbdy zzg
com.google.android.gms.internal.mlkit_vision_internal_vkp.zzawc: int zzg
com.google.photos.vision.barhopper.zzp: java.lang.String zzj