project/car_labeler/app/build/outputs/mapping/release/mapping.txt
# compiler: R8
# compiler_version: 3.0.76
# min_api: 16
# pg_map_id: a83d288
# common_typos_disable
com.google.mlkit.vision.demo.BitmapUtils -> o3.a:
    boolean areUVPlanesNV21(android.media.Image$Plane[],int,int) -> a
    android.graphics.Bitmap getBitmap(java.nio.ByteBuffer,com.google.mlkit.vision.demo.FrameMetadata) -> b
    android.graphics.Bitmap getBitmap(androidx.camera.core.ImageProxy) -> c
    android.graphics.Bitmap rotateBitmap(android.graphics.Bitmap,int,boolean,boolean) -> d
    void unpackPlane(android.media.Image$Plane,int,int,byte[],int,int) -> e
    java.nio.ByteBuffer yuv420ThreePlanesToNV21(android.media.Image$Plane[],int,int) -> f
com.google.mlkit.vision.demo.CameraImageGraphic -> com.google.mlkit.vision.demo.a:
    android.graphics.Bitmap bitmap -> b
    void draw(android.graphics.Canvas) -> a
com.google.mlkit.vision.demo.CameraSource -> o3.b:
    java.util.List generateValidPreviewSizeList(android.hardware.Camera) -> a
    com.google.mlkit.vision.demo.CameraSource$SizePair selectSizePair(android.hardware.Camera,int,int) -> b
com.google.mlkit.vision.demo.CameraSource$SizePair -> o3.b$a:
    com.google.android.gms.common.images.Size preview -> a
    com.google.android.gms.common.images.Size picture -> b
com.google.mlkit.vision.demo.CameraSourcePreview -> com.google.mlkit.vision.demo.CameraSourcePreview:
    android.content.Context context -> b
    boolean surfaceAvailable -> e
    android.view.SurfaceView surfaceView -> c
    boolean startRequested -> d
    boolean access$102(com.google.mlkit.vision.demo.CameraSourcePreview,boolean) -> a
    void access$200(com.google.mlkit.vision.demo.CameraSourcePreview) -> b
    boolean isPortraitMode() -> c
    void startIfReady() -> d
com.google.mlkit.vision.demo.CameraSourcePreview$1 -> com.google.mlkit.vision.demo.CameraSourcePreview$a:
com.google.mlkit.vision.demo.CameraSourcePreview$SurfaceCallback -> com.google.mlkit.vision.demo.CameraSourcePreview$b:
    com.google.mlkit.vision.demo.CameraSourcePreview this$0 -> a
com.google.mlkit.vision.demo.CameraXViewModel -> o3.d:
    androidx.lifecycle.MutableLiveData cameraProviderLiveData -> c
    void $r8$lambda$sBBc2dTXuCf6dj_SpKQjKKNXIRc(com.google.mlkit.vision.demo.CameraXViewModel,com.google.common.util.concurrent.ListenableFuture) -> e
    androidx.lifecycle.LiveData getProcessCameraProvider() -> f
    void lambda$getProcessCameraProvider$0(com.google.common.util.concurrent.ListenableFuture) -> g
com.google.mlkit.vision.demo.EntryChoiceActivity$onCreate$1 -> com.google.mlkit.vision.demo.EntryChoiceActivity$a:
    com.google.mlkit.vision.demo.EntryChoiceActivity this$0 -> b
com.google.mlkit.vision.demo.FrameMetadata -> o3.e:
    int height -> b
    int rotation -> c
    int width -> a
    int getHeight() -> a
    int getRotation() -> b
    int getWidth() -> c
com.google.mlkit.vision.demo.FrameMetadata$1 -> o3.e$a:
com.google.mlkit.vision.demo.FrameMetadata$Builder -> o3.e$b:
    int height -> b
    int rotation -> c
    int width -> a
    com.google.mlkit.vision.demo.FrameMetadata build() -> a
    com.google.mlkit.vision.demo.FrameMetadata$Builder setHeight(int) -> b
    com.google.mlkit.vision.demo.FrameMetadata$Builder setRotation(int) -> c
    com.google.mlkit.vision.demo.FrameMetadata$Builder setWidth(int) -> d
...
androidx.appcompat.app.AlertController$AlertParams -> androidx.appcompat.app.AlertController$f:
    android.content.Context mContext -> a
    android.view.View mView -> z
    android.view.LayoutInflater mInflater -> b
    java.lang.String mIsCheckedColumn -> M
    int mCheckedItem -> I
    android.content.DialogInterface$OnClickListener mOnClickListener -> x
    java.lang.CharSequence mTitle -> f
    android.database.Cursor mCursor -> K
    androidx.appcompat.app.AlertController$AlertParams$OnPrepareListViewListener mOnPrepareListViewListener -> O
    java.lang.CharSequence mMessage -> h
    int mViewSpacingRight -> C
    int mViewSpacingLeft -> A
    android.content.DialogInterface$OnClickListener mNeutralButtonListener -> q
    android.content.DialogInterface$OnKeyListener mOnKeyListener -> u
    java.lang.CharSequence mNeutralButtonText -> o
    android.content.DialogInterface$OnMultiChoiceClickListener mOnCheckboxClickListener -> J
    int mViewLayoutResId -> y
    boolean mViewSpacingSpecified -> E
    boolean mIsMultiChoice -> G
    android.content.DialogInterface$OnClickListener mPositiveButtonListener -> k
    android.widget.ListAdapter mAdapter -> w
    android.graphics.drawable.Drawable mNeutralButtonIcon -> p
    android.view.View mCustomTitleView -> g
    android.graphics.drawable.Drawable mIcon -> d
    android.content.DialogInterface$OnDismissListener mOnDismissListener -> t
    android.content.DialogInterface$OnCancelListener mOnCancelListener -> s
androidx.appcompat.app.AlertController$AlertParams$1 -> androidx.appcompat.app.AlertController$f$a:
    androidx.appcompat.app.AlertController$AlertParams this$0 -> c
    androidx.appcompat.app.AlertController$RecycleListView val$listView -> b
androidx.appcompat.app.AlertController$AlertParams$2 -> androidx.appcompat.app.AlertController$f$b:
    androidx.appcompat.app.AlertController$AlertParams this$0 -> f
    androidx.appcompat.app.AlertController$RecycleListView val$listView -> d
    int mLabelIndex -> b
    int mIsCheckedIndex -> c
    androidx.appcompat.app.AlertController val$dialog -> e
androidx.appcompat.app.AlertController$AlertParams$3 -> androidx.appcompat.app.AlertController$f$c:
    androidx.appcompat.app.AlertController val$dialog -> b
    androidx.appcompat.app.AlertController$AlertParams this$0 -> c
androidx.appcompat.app.AlertController$AlertParams$4 -> androidx.appcompat.app.AlertController$f$d:
    androidx.appcompat.app.AlertController val$dialog -> c
    androidx.appcompat.app.AlertController$AlertParams this$0 -> d
    androidx.appcompat.app.AlertController$RecycleListView val$listView -> b
androidx.appcompat.app.AlertController$AlertParams$OnPrepareListViewListener -> androidx.appcompat.app.AlertController$f$e:
    void onPrepareListView(android.widget.ListView) -> a
androidx.appcompat.app.AlertController$ButtonHandler -> androidx.appcompat.app.AlertController$g:
    java.lang.ref.WeakReference mDialog -> a
androidx.appcompat.app.AlertController$CheckedItemAdapter -> androidx.appcompat.app.AlertController$h:
androidx.appcompat.app.AlertController$RecycleListView -> androidx.appcompat.app.AlertController$RecycleListView:
    int mPaddingTopNoTitle -> b
    int mPaddingBottomNoButtons -> c
    void setHasDecor(boolean,boolean) -> a
androidx.appcompat.app.AlertDialog -> androidx.appcompat.app.a:
    androidx.appcompat.app.AlertController mAlert -> d
    android.widget.ListView getListView() -> f
    int resolveDialogTheme(android.content.Context,int) -> g