project/car_labeler/app/build/outputs/mapping/release/usage.txt
com.google.mlkit.vision.demo.BitmapUtils:
    private static final java.lang.String TAG
    public void <init>()
    public static android.graphics.Bitmap getBitmapFromContentUri(android.content.ContentResolver,android.net.Uri)
    private static int getExifOrientationTag(android.content.ContentResolver,android.net.Uri)
com.google.mlkit.vision.demo.BuildConfig
com.google.mlkit.vision.demo.CameraSource$1
com.google.mlkit.vision.demo.CameraSource$CameraPreviewCallback
com.google.mlkit.vision.demo.CameraSource$FrameProcessingRunnable
com.google.mlkit.vision.demo.CameraSource$SizePair:
    public void <init>(com.google.android.gms.common.images.Size,com.google.android.gms.common.images.Size)
com.google.mlkit.vision.demo.CameraSource:
    private static final float ASPECT_RATIO_TOLERANCE
    public static final int CAMERA_FACING_BACK
    public static final int CAMERA_FACING_FRONT
    public static final int DEFAULT_REQUESTED_CAMERA_PREVIEW_HEIGHT
    public static final int DEFAULT_REQUESTED_CAMERA_PREVIEW_WIDTH
    private static final int DUMMY_TEXTURE_NAME
    public static final int IMAGE_FORMAT
    private static final boolean REQUESTED_AUTO_FOCUS
    private static final float REQUESTED_FPS
    private static final java.lang.String TAG
    protected android.app.Activity activity
    private final java.util.IdentityHashMap bytesToByteBuffer
    private android.hardware.Camera camera
    private android.graphics.SurfaceTexture dummySurfaceTexture
    private int facing
    private com.google.mlkit.vision.demo.VisionImageProcessor frameProcessor
    private final com.google.mlkit.vision.demo.GraphicOverlay graphicOverlay
    private com.google.android.gms.common.images.Size previewSize
    private final com.google.mlkit.vision.demo.CameraSource$FrameProcessingRunnable processingRunnable
    private java.lang.Thread processingThread
    private final java.lang.Object processorLock
    private int rotationDegrees
    public void <init>(android.app.Activity,com.google.mlkit.vision.demo.GraphicOverlay)
    static synthetic com.google.mlkit.vision.demo.CameraSource$FrameProcessingRunnable access$100(com.google.mlkit.vision.demo.CameraSource)
com.google.mlkit.vision.demo.CameraSourcePreview:
    private static final java.lang.String TAG
    public void release()
    private void start(com.google.mlkit.vision.demo.CameraSource)
    public void start(com.google.mlkit.vision.demo.CameraSource,com.google.mlkit.vision.demo.GraphicOverlay)
    public void stop()
com.google.mlkit.vision.demo.CameraXViewModel:
    private static final java.lang.String TAG
com.google.mlkit.vision.demo.EntryChoiceActivity:
    private java.util.HashMap _$_findViewCache
    public void _$_clearFindViewByIdCache()
    public android.view.View _$_findCachedViewById(int)
com.google.mlkit.vision.demo.GraphicOverlay$Graphic:
    public android.content.Context getApplicationContext()
    public boolean isImageFlipped()
    public float scale(float)
    public float translateX(float)
    public float translateY(float)
com.google.mlkit.vision.demo.GraphicOverlay:
    static synthetic float access$000(com.google.mlkit.vision.demo.GraphicOverlay)
    static synthetic boolean access$100(com.google.mlkit.vision.demo.GraphicOverlay)
    static synthetic float access$200(com.google.mlkit.vision.demo.GraphicOverlay)
    static synthetic float access$300(com.google.mlkit.vision.demo.GraphicOverlay)
    public void remove(com.google.mlkit.vision.demo.GraphicOverlay$Graphic)
com.google.mlkit.vision.demo.InferenceInfoGraphic:
    private static final int TEXT_COLOR
    private static final float TEXT_SIZE
    public void <init>(com.google.mlkit.vision.demo.GraphicOverlay)
com.google.mlkit.vision.demo.R$anim
com.google.mlkit.vision.demo.R$array
com.google.mlkit.vision.demo.R$attr
com.google.mlkit.vision.demo.R$bool
com.google.mlkit.vision.demo.R$color
com.google.mlkit.vision.demo.R$dimen
com.google.mlkit.vision.demo.R$drawable
com.google.mlkit.vision.demo.R$id
...
com.google.android.gms.dynamic.zac
com.google.android.gms.dynamic.zad
com.google.android.gms.dynamic.zae
com.google.android.gms.dynamic.zaf
com.google.android.gms.dynamic.zag
com.google.android.gms.dynamic.zah
com.google.android.gms.dynamic.zza
com.google.android.gms.dynamite.DynamiteModule:
    public android.content.Context getModuleContext()
    public static int getRemoteVersion(android.content.Context,java.lang.String)
com.google.android.gms.internal.base.zaa:
    protected final android.os.Parcel zab(int,android.os.Parcel)
com.google.android.gms.internal.base.zac:
    public static void zaa(android.os.Parcel,boolean)
com.google.android.gms.internal.base.zae
com.google.android.gms.internal.base.zaf
com.google.android.gms.internal.base.zag
com.google.android.gms.internal.base.zah
com.google.android.gms.internal.base.zai
com.google.android.gms.internal.base.zaj
com.google.android.gms.internal.base.zak
com.google.android.gms.internal.base.zal
com.google.android.gms.internal.base.zam
com.google.android.gms.internal.base.zan
com.google.android.gms.internal.base.zao
com.google.android.gms.internal.base.zap:
    public void <init>()
com.google.android.gms.internal.clearcut.zzai:
    protected final synthetic java.lang.Object zza(android.content.SharedPreferences)
    protected final synthetic java.lang.Object zzb(java.lang.String)
com.google.android.gms.internal.clearcut.zzap$zza$zza
com.google.android.gms.internal.clearcut.zzap$zza$zzb
com.google.android.gms.internal.clearcut.zzap$zza
com.google.android.gms.internal.clearcut.zzap
com.google.android.gms.internal.clearcut.zzaq
com.google.android.gms.internal.clearcut.zzar
com.google.android.gms.internal.clearcut.zzat:
    public synthetic java.lang.Object clone()
    public abstract com.google.android.gms.internal.clearcut.zzat zzt()
com.google.android.gms.internal.clearcut.zzav:
    public void add(int,java.lang.Object)
    public java.lang.Object remove(int)
    public java.lang.Object set(int,java.lang.Object)
com.google.android.gms.internal.clearcut.zzbn$zzc:
    void <init>()
com.google.android.gms.internal.clearcut.zzbr
com.google.android.gms.internal.clearcut.zzcg$zza:
    public final boolean isInitialized()
    public final synthetic com.google.android.gms.internal.clearcut.zzat zzt()
com.google.android.gms.internal.clearcut.zzcg$zzc
com.google.android.gms.internal.clearcut.zzcg$zze:
    private final com.google.android.gms.internal.clearcut.zzck zzjw
    final boolean zzjy
    final boolean zzjz
    void <init>(com.google.android.gms.internal.clearcut.zzck,int,com.google.android.gms.internal.clearcut.zzfl,boolean,boolean)
com.google.android.gms.internal.clearcut.zzcg$zzf
com.google.android.gms.internal.clearcut.zzcg:
    public static com.google.android.gms.internal.clearcut.zzcg$zzf zza(com.google.android.gms.internal.clearcut.zzdo,java.lang.Object,com.google.android.gms.internal.clearcut.zzdo,com.google.android.gms.internal.clearcut.zzck,int,com.google.android.gms.internal.clearcut.zzfl,java.lang.Class)
    protected static final boolean zza(com.google.android.gms.internal.clearcut.zzcg,boolean)
    protected static com.google.android.gms.internal.clearcut.zzcl zzaz()
    protected static com.google.android.gms.internal.clearcut.zzcm zzba()
com.google.android.gms.internal.clearcut.zzch:
    public static com.google.android.gms.internal.clearcut.zzch zzbk()
com.google.android.gms.internal.clearcut.zzcl
com.google.android.gms.internal.clearcut.zzcm
com.google.android.gms.internal.clearcut.zzdc:
    public static com.google.android.gms.internal.clearcut.zzdc zzbx()
com.google.android.gms.internal.clearcut.zzf:
    protected final synthetic void doExecute(com.google.android.gms.common.api.Api$AnyClient,com.google.android.gms.tasks.TaskCompletionSource)
com.google.android.gms.internal.clearcut.zzfk:
    private static final synthetic int[] zzgq
    static void <clinit>()